C:\PROGRAMMING\C++\DIRECT3D\DIRECT3D11\GAMEENGINE\DEBUG\TEXTURESHADER.OBJ
C:\PROGRAMMING\C++\DIRECT3D\DIRECT3D11\GAMEENGINE\DEBUG\DEBUG.OBJ
C:\PROGRAMMING\C++\DIRECT3D\DIRECT3D11\GAMEENGINE\DEBUG\GAME.OBJ
C:\PROGRAMMING\C++\DIRECT3D\DIRECT3D11\GAMEENGINE\DEBUG\GAMEPLAYSCREEN.OBJ
C:\PROGRAMMING\C++\DIRECT3D\DIRECT3D11\GAMEENGINE\DEBUG\GAMESCREEN.OBJ
C:\PROGRAMMING\C++\DIRECT3D\DIRECT3D11\GAMEENGINE\DEBUG\GRAPHICS.OBJ
C:\PROGRAMMING\C++\DIRECT3D\DIRECT3D11\GAMEENGINE\DEBUG\INPUTSTATE.OBJ
C:\PROGRAMMING\C++\DIRECT3D\DIRECT3D11\GAMEENGINE\DEBUG\LOADINGSCREEN.OBJ
C:\PROGRAMMING\C++\DIRECT3D\DIRECT3D11\GAMEENGINE\DEBUG\MAINMENUSCREEN.OBJ
C:\PROGRAMMING\C++\DIRECT3D\DIRECT3D11\GAMEENGINE\DEBUG\MATHHELPER.OBJ
C:\PROGRAMMING\C++\DIRECT3D\DIRECT3D11\GAMEENGINE\DEBUG\MENUENTRY.OBJ
C:\PROGRAMMING\C++\DIRECT3D\DIRECT3D11\GAMEENGINE\DEBUG\MENUSCREEN.OBJ
C:\PROGRAMMING\C++\DIRECT3D\DIRECT3D11\GAMEENGINE\DEBUG\MESSAGEBOXSCREEN.OBJ
C:\PROGRAMMING\C++\DIRECT3D\DIRECT3D11\GAMEENGINE\DEBUG\MODEL.OBJ
C:\PROGRAMMING\C++\DIRECT3D\DIRECT3D11\GAMEENGINE\DEBUG\OPTIONSMENUSCREEN.OBJ
C:\PROGRAMMING\C++\DIRECT3D\DIRECT3D11\GAMEENGINE\DEBUG\PAUSEMENUSCREEN.OBJ
C:\PROGRAMMING\C++\DIRECT3D\DIRECT3D11\GAMEENGINE\DEBUG\PLAYERINDEXEVENTARGS.OBJ
C:\PROGRAMMING\C++\DIRECT3D\DIRECT3D11\GAMEENGINE\DEBUG\SCREENMANAGER.OBJ
C:\PROGRAMMING\C++\DIRECT3D\DIRECT3D11\GAMEENGINE\DEBUG\TOONSHADER.OBJ
C:\PROGRAMMING\C++\DIRECT3D\DIRECT3D11\GAMEENGINE\DEBUG\DEMOOBJECT.OBJ
C:\PROGRAMMING\C++\DIRECT3D\DIRECT3D11\GAMEENGINE\DEBUG\ALPHAMAPSHADER.OBJ
C:\PROGRAMMING\C++\DIRECT3D\DIRECT3D11\GAMEENGINE\DEBUG\BACKGROUNDSCREEN.OBJ
C:\PROGRAMMING\C++\DIRECT3D\DIRECT3D11\GAMEENGINE\DEBUG\CAMERA.OBJ
C:\PROGRAMMING\C++\DIRECT3D\DIRECT3D11\GAMEENGINE\DEBUG\FRUSTUM.OBJ
C:\PROGRAMMING\C++\DIRECT3D\DIRECT3D11\GAMEENGINE\DEBUG\LIGHT.OBJ
C:\PROGRAMMING\C++\DIRECT3D\DIRECT3D11\GAMEENGINE\DEBUG\LIGHTMAPSHADER.OBJ
C:\PROGRAMMING\C++\DIRECT3D\DIRECT3D11\GAMEENGINE\DEBUG\LIGHTSHADER.OBJ
C:\PROGRAMMING\C++\DIRECT3D\DIRECT3D11\GAMEENGINE\DEBUG\MULTITEXTURESHADER.OBJ
C:\PROGRAMMING\C++\DIRECT3D\DIRECT3D11\GAMEENGINE\DEBUG\NORMALMAPSHADER.OBJ
C:\PROGRAMMING\C++\DIRECT3D\DIRECT3D11\GAMEENGINE\DEBUG\SCRIPT.OBJ
C:\PROGRAMMING\C++\DIRECT3D\DIRECT3D11\GAMEENGINE\DEBUG\SHADER.OBJ
C:\PROGRAMMING\C++\DIRECT3D\DIRECT3D11\GAMEENGINE\DEBUG\TEXTURE.OBJ
C:\PROGRAMMING\C++\DIRECT3D\DIRECT3D11\GAMEENGINE\DEBUG\VC110.PDB
C:\PROGRAMMING\C++\DIRECT3D\DIRECT3D11\GAMEENGINE\CONTENT\SHADERS\ALPHAMAPPS.CSO
C:\PROGRAMMING\C++\DIRECT3D\DIRECT3D11\GAMEENGINE\CONTENT\SHADERS\ALPHAMAPVS.CSO
C:\PROGRAMMING\C++\DIRECT3D\DIRECT3D11\GAMEENGINE\CONTENT\SHADERS\LIGHTMAPPS.CSO
C:\PROGRAMMING\C++\DIRECT3D\DIRECT3D11\GAMEENGINE\CONTENT\SHADERS\LIGHTMAPVS.CSO
C:\PROGRAMMING\C++\DIRECT3D\DIRECT3D11\GAMEENGINE\CONTENT\SHADERS\LIGHTPS.CSO
C:\PROGRAMMING\C++\DIRECT3D\DIRECT3D11\GAMEENGINE\CONTENT\SHADERS\LIGHTVS.CSO
C:\PROGRAMMING\C++\DIRECT3D\DIRECT3D11\GAMEENGINE\CONTENT\SHADERS\MULTITEXTUREPS.CSO
C:\PROGRAMMING\C++\DIRECT3D\DIRECT3D11\GAMEENGINE\CONTENT\SHADERS\MULTITEXTUREVS.CSO
C:\PROGRAMMING\C++\DIRECT3D\DIRECT3D11\GAMEENGINE\CONTENT\SHADERS\NORMALMAPPS.CSO
C:\PROGRAMMING\C++\DIRECT3D\DIRECT3D11\GAMEENGINE\CONTENT\SHADERS\NORMALMAPVS.CSO
C:\PROGRAMMING\C++\DIRECT3D\DIRECT3D11\GAMEENGINE\CONTENT\SHADERS\TEXTUREPS.CSO
C:\PROGRAMMING\C++\DIRECT3D\DIRECT3D11\GAMEENGINE\CONTENT\SHADERS\TEXTUREVS.CSO
C:\PROGRAMMING\C++\DIRECT3D\DIRECT3D11\GAMEENGINE\CONTENT\SHADERS\TOONOUTLINEPS.CSO
C:\PROGRAMMING\C++\DIRECT3D\DIRECT3D11\GAMEENGINE\CONTENT\SHADERS\TOONOUTLINEVS.CSO
C:\PROGRAMMING\C++\DIRECT3D\DIRECT3D11\GAMEENGINE\CONTENT\SHADERS\TOONPS.CSO
C:\PROGRAMMING\C++\DIRECT3D\DIRECT3D11\GAMEENGINE\CONTENT\SHADERS\TOONVS.CSO
C:\Programming\C++\Direct3D\Direct3D11\GameEngine\Content\Shaders\AlphaMapPS.cso
C:\Programming\C++\Direct3D\Direct3D11\GameEngine\Content\Shaders\AlphaMapVS.cso
C:\Programming\C++\Direct3D\Direct3D11\GameEngine\Content\Shaders\LightMapPS.cso
C:\Programming\C++\Direct3D\Direct3D11\GameEngine\Content\Shaders\LightMapVS.cso
C:\Programming\C++\Direct3D\Direct3D11\GameEngine\Content\Shaders\LightPS.cso
C:\Programming\C++\Direct3D\Direct3D11\GameEngine\Content\Shaders\LightVS.cso
C:\Programming\C++\Direct3D\Direct3D11\GameEngine\Content\Shaders\MultiTexturePS.cso
C:\Programming\C++\Direct3D\Direct3D11\GameEngine\Content\Shaders\MultiTextureVS.cso
C:\Programming\C++\Direct3D\Direct3D11\GameEngine\Content\Shaders\NormalMapPS.cso
C:\Programming\C++\Direct3D\Direct3D11\GameEngine\Content\Shaders\NormalMapVS.cso
C:\Programming\C++\Direct3D\Direct3D11\GameEngine\Content\Shaders\TexturePS.cso
C:\Programming\C++\Direct3D\Direct3D11\GameEngine\Content\Shaders\TextureVS.cso
C:\Programming\C++\Direct3D\Direct3D11\GameEngine\Content\Shaders\ToonOutlinePS.cso
C:\Programming\C++\Direct3D\Direct3D11\GameEngine\Content\Shaders\ToonOutlineVS.cso
C:\Programming\C++\Direct3D\Direct3D11\GameEngine\Content\Shaders\ToonPS.cso
C:\Programming\C++\Direct3D\Direct3D11\GameEngine\Content\Shaders\ToonVS.cso
C:\PROGRAMMING\C++\DIRECT3D\DIRECT3D11\GAMEENGINE\DEBUG\GAMEENGINE.ILK
C:\PROGRAMMING\C++\DIRECT3D\DIRECT3D11\GAMEENGINE\DEBUG\GAMEENGINE.EXE
C:\PROGRAMMING\C++\DIRECT3D\DIRECT3D11\GAMEENGINE\DEBUG\GAMEENGINE.PDB
C:\Programming\C++\Direct3D\Direct3D11\GameEngine\Debug\AlphaMapShader.obj
C:\Programming\C++\Direct3D\Direct3D11\GameEngine\Debug\BackgroundScreen.obj
C:\Programming\C++\Direct3D\Direct3D11\GameEngine\Debug\Camera.obj
C:\Programming\C++\Direct3D\Direct3D11\GameEngine\Debug\Debug.obj
C:\Programming\C++\Direct3D\Direct3D11\GameEngine\Debug\DemoObject.obj
C:\Programming\C++\Direct3D\Direct3D11\GameEngine\Debug\Frustum.obj
C:\Programming\C++\Direct3D\Direct3D11\GameEngine\Debug\Game.obj
C:\Programming\C++\Direct3D\Direct3D11\GameEngine\Debug\GameplayScreen.obj
C:\Programming\C++\Direct3D\Direct3D11\GameEngine\Debug\GameScreen.obj
C:\Programming\C++\Direct3D\Direct3D11\GameEngine\Debug\Graphics.obj
C:\Programming\C++\Direct3D\Direct3D11\GameEngine\Debug\InputState.obj
C:\Programming\C++\Direct3D\Direct3D11\GameEngine\Debug\Light.obj
C:\Programming\C++\Direct3D\Direct3D11\GameEngine\Debug\LightMapShader.obj
C:\Programming\C++\Direct3D\Direct3D11\GameEngine\Debug\LightShader.obj
C:\Programming\C++\Direct3D\Direct3D11\GameEngine\Debug\LoadingScreen.obj
C:\Programming\C++\Direct3D\Direct3D11\GameEngine\Debug\MainMenuScreen.obj
C:\Programming\C++\Direct3D\Direct3D11\GameEngine\Debug\MathHelper.obj
C:\Programming\C++\Direct3D\Direct3D11\GameEngine\Debug\MenuEntry.obj
C:\Programming\C++\Direct3D\Direct3D11\GameEngine\Debug\MenuScreen.obj
C:\Programming\C++\Direct3D\Direct3D11\GameEngine\Debug\MessageBoxScreen.obj
C:\Programming\C++\Direct3D\Direct3D11\GameEngine\Debug\Model.obj
C:\Programming\C++\Direct3D\Direct3D11\GameEngine\Debug\MultiTextureShader.obj
C:\Programming\C++\Direct3D\Direct3D11\GameEngine\Debug\NormalMapShader.obj
C:\Programming\C++\Direct3D\Direct3D11\GameEngine\Debug\OptionsMenuScreen.obj
C:\Programming\C++\Direct3D\Direct3D11\GameEngine\Debug\PauseMenuScreen.obj
C:\Programming\C++\Direct3D\Direct3D11\GameEngine\Debug\PlayerIndexEventArgs.obj
C:\Programming\C++\Direct3D\Direct3D11\GameEngine\Debug\ScreenManager.obj
C:\Programming\C++\Direct3D\Direct3D11\GameEngine\Debug\Script.obj
C:\Programming\C++\Direct3D\Direct3D11\GameEngine\Debug\Shader.obj
C:\Programming\C++\Direct3D\Direct3D11\GameEngine\Debug\Texture.obj
C:\Programming\C++\Direct3D\Direct3D11\GameEngine\Debug\TextureShader.obj
C:\Programming\C++\Direct3D\Direct3D11\GameEngine\Debug\ToonShader.obj
C:\Programming\C++\Direct3D\Direct3D11\GameEngine\Debug\GameEngine.ilk
C:\Programming\C++\Direct3D\Direct3D11\GameEngine\Debug\cl.command.1.tlog
C:\Programming\C++\Direct3D\Direct3D11\GameEngine\Debug\CL.read.1.tlog
C:\Programming\C++\Direct3D\Direct3D11\GameEngine\Debug\CL.write.1.tlog
C:\Programming\C++\Direct3D\Direct3D11\GameEngine\Debug\FXC.command.1.tlog
C:\Programming\C++\Direct3D\Direct3D11\GameEngine\Debug\fxc.read.1.tlog
C:\Programming\C++\Direct3D\Direct3D11\GameEngine\Debug\fxc.write.1.tlog
C:\Programming\C++\Direct3D\Direct3D11\GameEngine\Debug\GameEngine.write.1.tlog
C:\Programming\C++\Direct3D\Direct3D11\GameEngine\Debug\link-cvtres.read.1.tlog
C:\Programming\C++\Direct3D\Direct3D11\GameEngine\Debug\link-cvtres.write.1.tlog
C:\Programming\C++\Direct3D\Direct3D11\GameEngine\Debug\link-rc.read.1.tlog
C:\Programming\C++\Direct3D\Direct3D11\GameEngine\Debug\link-rc.write.1.tlog
C:\Programming\C++\Direct3D\Direct3D11\GameEngine\Debug\link.command.1.tlog
C:\Programming\C++\Direct3D\Direct3D11\GameEngine\Debug\link.read.1.tlog
C:\Programming\C++\Direct3D\Direct3D11\GameEngine\Debug\link.write.1.tlog
C:\Programming\C++\Direct3D\Direct3D11\GameEngine\Debug\vc110.idb
C:\Programming\C++\Direct3D\Direct3D11\GameEngine\Debug\GameEngine.pdb
C:\Programming\C++\Direct3D\Direct3D11\GameEngine\Debug\vc110.pdb
C:\Programming\C++\Direct3D\Direct3D11\GameEngine\Debug\GameEngine.exe
