C:\USERS\ALRIIGHYTMAN\DOCUMENTS\GITHUB\GAMEENGINE\MAYA SCRIPTS\SIMPLEEXPORTERPLUGIN\SIMPLEEXPORTERPLUGIN\X64\DEBUG\MAYAMAIN.OBJ
C:\USERS\ALRIIGHYTMAN\DOCUMENTS\GITHUB\GAMEENGINE\MAYA SCRIPTS\SIMPLEEXPORTERPLUGIN\SIMPLEEXPORTERPLUGIN\X64\DEBUG\MAYAFILETRANSLATOR.OBJ
C:\USERS\ALRIIGHYTMAN\DOCUMENTS\GITHUB\GAMEENGINE\MAYA SCRIPTS\SIMPLEEXPORTERPLUGIN\SIMPLEEXPORTERPLUGIN\X64\DEBUG\VC110.PDB
C:\USERS\ALRIIGHYTMAN\DOCUMENTS\GITHUB\GAMEENGINE\MAYA SCRIPTS\SIMPLEEXPORTERPLUGIN\SIMPLEEXPORTERPLUGIN\X64\DEBUG\SIMPLEEXPORTERPLUGIN.ILK
C:\USERS\ALRIIGHYTMAN\DOCUMENTS\GITHUB\GAMEENGINE\MAYA SCRIPTS\SIMPLEEXPORTERPLUGIN\SIMPLEEXPORTERPLUGIN\X64\DEBUG\SIMPLEEXPORTERPLUGIN.MLL
C:\USERS\ALRIIGHYTMAN\DOCUMENTS\GITHUB\GAMEENGINE\MAYA SCRIPTS\SIMPLEEXPORTERPLUGIN\SIMPLEEXPORTERPLUGIN\X64\DEBUG\SIMPLEEXPORTERPLUGIN.PDB
C:\Users\Alriighytman\Documents\GitHub\GameEngine\Maya Scripts\SimpleExporterPlugin\SimpleExporterPlugin\x64\Debug\SimpleExporterPlugin.lib
C:\Users\Alriighytman\Documents\GitHub\GameEngine\Maya Scripts\SimpleExporterPlugin\SimpleExporterPlugin\x64\Debug\SimpleExporterPlugin.exp
C:\Users\Alriighytman\Documents\GitHub\GameEngine\Maya Scripts\SimpleExporterPlugin\SimpleExporterPlugin\x64\Debug\MayaFileTranslator.obj
C:\Users\Alriighytman\Documents\GitHub\GameEngine\Maya Scripts\SimpleExporterPlugin\SimpleExporterPlugin\x64\Debug\MayaMain.obj
C:\Users\Alriighytman\Documents\GitHub\GameEngine\Maya Scripts\SimpleExporterPlugin\SimpleExporterPlugin\x64\Debug\SimpleExporterPlugin.ilk
C:\Users\Alriighytman\Documents\GitHub\GameEngine\Maya Scripts\SimpleExporterPlugin\SimpleExporterPlugin\x64\Debug\cl.command.1.tlog
C:\Users\Alriighytman\Documents\GitHub\GameEngine\Maya Scripts\SimpleExporterPlugin\SimpleExporterPlugin\x64\Debug\CL.read.1.tlog
C:\Users\Alriighytman\Documents\GitHub\GameEngine\Maya Scripts\SimpleExporterPlugin\SimpleExporterPlugin\x64\Debug\CL.write.1.tlog
C:\Users\Alriighytman\Documents\GitHub\GameEngine\Maya Scripts\SimpleExporterPlugin\SimpleExporterPlugin\x64\Debug\link-cvtres.read.1.tlog
C:\Users\Alriighytman\Documents\GitHub\GameEngine\Maya Scripts\SimpleExporterPlugin\SimpleExporterPlugin\x64\Debug\link-cvtres.write.1.tlog
C:\Users\Alriighytman\Documents\GitHub\GameEngine\Maya Scripts\SimpleExporterPlugin\SimpleExporterPlugin\x64\Debug\link-rc.read.1.tlog
C:\Users\Alriighytman\Documents\GitHub\GameEngine\Maya Scripts\SimpleExporterPlugin\SimpleExporterPlugin\x64\Debug\link-rc.write.1.tlog
C:\Users\Alriighytman\Documents\GitHub\GameEngine\Maya Scripts\SimpleExporterPlugin\SimpleExporterPlugin\x64\Debug\link.9016-cvtres.read.1.tlog
C:\Users\Alriighytman\Documents\GitHub\GameEngine\Maya Scripts\SimpleExporterPlugin\SimpleExporterPlugin\x64\Debug\link.9016-cvtres.write.1.tlog
C:\Users\Alriighytman\Documents\GitHub\GameEngine\Maya Scripts\SimpleExporterPlugin\SimpleExporterPlugin\x64\Debug\link.9016-rc.read.1.tlog
C:\Users\Alriighytman\Documents\GitHub\GameEngine\Maya Scripts\SimpleExporterPlugin\SimpleExporterPlugin\x64\Debug\link.9016-rc.write.1.tlog
C:\Users\Alriighytman\Documents\GitHub\GameEngine\Maya Scripts\SimpleExporterPlugin\SimpleExporterPlugin\x64\Debug\link.9016.read.1.tlog
C:\Users\Alriighytman\Documents\GitHub\GameEngine\Maya Scripts\SimpleExporterPlugin\SimpleExporterPlugin\x64\Debug\link.9016.write.1.tlog
C:\Users\Alriighytman\Documents\GitHub\GameEngine\Maya Scripts\SimpleExporterPlugin\SimpleExporterPlugin\x64\Debug\link.command.1.tlog
C:\Users\Alriighytman\Documents\GitHub\GameEngine\Maya Scripts\SimpleExporterPlugin\SimpleExporterPlugin\x64\Debug\link.read.1.tlog
C:\Users\Alriighytman\Documents\GitHub\GameEngine\Maya Scripts\SimpleExporterPlugin\SimpleExporterPlugin\x64\Debug\link.write.1.tlog
C:\Users\Alriighytman\Documents\GitHub\GameEngine\Maya Scripts\SimpleExporterPlugin\SimpleExporterPlugin\x64\Debug\SimpleExporterPlugin.write.1.tlog
C:\Users\Alriighytman\Documents\GitHub\GameEngine\Maya Scripts\SimpleExporterPlugin\SimpleExporterPlugin\x64\Debug\SimpleExporterPlugin.pdb
C:\Users\Alriighytman\Documents\GitHub\GameEngine\Maya Scripts\SimpleExporterPlugin\SimpleExporterPlugin\x64\Debug\vc110.pdb
C:\Users\Alriighytman\Documents\GitHub\GameEngine\Maya Scripts\SimpleExporterPlugin\SimpleExporterPlugin\x64\Debug\SimpleExporterPlugin.mll
