Build started 11/23/2014 1:36:04 AM.
     1>Project "C:\Users\Alriighytman\Documents\GitHub\GameEngine\GameEngine.vcxproj" on node 2 (Build target(s)).
     1>Link:
         C:\Program Files (x86)\Microsoft Visual Studio 11.0\VC\bin\link.exe /ERRORREPORT:PROMPT /OUT:"C:\Users\Alriighytman\Documents\GitHub\GameEngine\Release\GameEngine.exe" /INCREMENTAL:NO /NOLOGO d3d11.lib d3dcompiler.lib dxgi.lib winmm.lib xinput.lib dinput8.lib DirectXTK.lib lua52.lib kernel32.lib user32.lib gdi32.lib winspool.lib comdlg32.lib advapi32.lib shell32.lib ole32.lib oleaut32.lib uuid.lib odbc32.lib odbccp32.lib /MANIFEST /MANIFESTUAC:"level='asInvoker' uiAccess='false'" /manifest:embed /DEBUG /PDB:"C:\Users\Alriighytman\Documents\GitHub\GameEngine\Release\GameEngine.pdb" /SUBSYSTEM:WINDOWS /OPT:REF /OPT:ICF /LTCG /TLBID:1 /DYNAMICBASE /NXCOMPAT /IMPLIB:"C:\Users\Alriighytman\Documents\GitHub\GameEngine\Release\GameEngine.lib" /MACHINE:X86 /SAFESEH Release\AlphaMapShader.obj
         Release\BackgroundScreen.obj
         Release\Camera.obj
         Release\Frustum.obj
         Release\Light.obj
         Release\LightMapShader.obj
         Release\LightShader.obj
         Release\MultiTextureShader.obj
         Release\NormalMapShader.obj
         Release\Script.obj
         Release\Shader.obj
         Release\Texture.obj
         Release\TextureShader.obj
         Release\Debug.obj
         Release\Game.obj
         Release\GameplayScreen.obj
         Release\GameScreen.obj
         Release\Graphics.obj
         Release\InputState.obj
         Release\LoadingScreen.obj
         Release\MainMenuScreen.obj
         Release\MathHelper.obj
         Release\MenuEntry.obj
         Release\MenuScreen.obj
         Release\MessageBoxScreen.obj
         Release\Model.obj
         Release\OptionsMenuScreen.obj
         Release\PauseMenuScreen.obj
         Release\PlayerIndexEventArgs.obj
         Release\ScreenManager.obj
         Release\ToonShader.obj
     1>LINK : warning LNK4098: defaultlib 'LIBCMT' conflicts with use of other libs; use /NODEFAULTLIB:library
     1>InputState.obj : error LNK2001: unresolved external symbol _GUID_SysKeyboard
     1>InputState.obj : error LNK2001: unresolved external symbol _IID_IDirectInput8A
     1>dinput8.lib(dilib2.obj) : error LNK2001: unresolved external symbol _GUID_Key
     1>C:\Users\Alriighytman\Documents\GitHub\GameEngine\Release\GameEngine.exe : fatal error LNK1120: 3 unresolved externals
     1>Done Building Project "C:\Users\Alriighytman\Documents\GitHub\GameEngine\GameEngine.vcxproj" (Build target(s)) -- FAILED.

Build FAILED.

Time Elapsed 00:00:02.75
